This file contains any messages produced by compilers while
running configure, to aid debugging if configure makes a mistake.

It was created by configure, which was
generated by GNU Autoconf 2.69.  Invocation command line was

  $ ./configure --with-db=/usr/local/BerkeleyDB.6.1

## --------- ##
## Platform. ##
## --------- ##

hostname = notebook
uname -m = x86_64
uname -r = 3.13.0-39-generic
uname -s = Linux
uname -v = #66-Ubuntu SMP Tue Oct 28 13:30:27 UTC 2014

/usr/bin/uname -p = unknown
/bin/uname -X     = unknown

/bin/arch              = unknown
/usr/bin/arch -k       = unknown
/usr/convex/getsysinfo = unknown
/usr/bin/hostinfo      = unknown
/bin/machine           = unknown
/usr/bin/oslevel       = unknown
/bin/universe          = unknown

PATH: /usr/local/sbin
PATH: /usr/local/bin
PATH: /usr/sbin
PATH: /usr/bin
PATH: /sbin
PATH: /bin
PATH: /usr/games
PATH: /usr/local/games


## ----------- ##
## Core tests. ##
## ----------- ##

configure:2230: checking for gcc
configure:2246: found /usr/bin/gcc
configure:2257: result: gcc
configure:2486: checking for C compiler version
configure:2495: gcc --version >&5
gcc (Ubuntu 4.8.2-19ubuntu1) 4.8.2
Copyright (C) 2013 Free Software Foundation, Inc.
This is free software; see the source for copying conditions.  There is NO
warranty; not even for MERCHANTABILITY or FITNESS FOR A PARTICULAR PURPOSE.

configure:2506: $? = 0
configure:2495: gcc -v >&5
Using built-in specs.
COLLECT_GCC=gcc
COLLECT_LTO_WRAPPER=/usr/lib/gcc/x86_64-linux-gnu/4.8/lto-wrapper
Target: x86_64-linux-gnu
Configured with: ../src/configure -v --with-pkgversion='Ubuntu 4.8.2-19ubuntu1' --with-bugurl=file:///usr/share/doc/gcc-4.8/README.Bugs --enable-languages=c,c++,java,go,d,fortran,objc,obj-c++ --prefix=/usr --program-suffix=-4.8 --enable-shared --enable-linker-build-id --libexecdir=/usr/lib --without-included-gettext --enable-threads=posix --with-gxx-include-dir=/usr/include/c++/4.8 --libdir=/usr/lib --enable-nls --with-sysroot=/ --enable-clocale=gnu --enable-libstdcxx-debug --enable-libstdcxx-time=yes --enable-gnu-unique-object --disable-libmudflap --enable-plugin --with-system-zlib --disable-browser-plugin --enable-java-awt=gtk --enable-gtk-cairo --with-java-home=/usr/lib/jvm/java-1.5.0-gcj-4.8-amd64/jre --enable-java-home --with-jvm-root-dir=/usr/lib/jvm/java-1.5.0-gcj-4.8-amd64 --with-jvm-jar-dir=/usr/lib/jvm-exports/java-1.5.0-gcj-4.8-amd64 --with-arch-directory=amd64 --with-ecj-jar=/usr/share/java/eclipse-ecj.jar --enable-objc-gc --enable-multiarch --disable-werror --with-arch-32=i686 --with-abi=m64 --with-multilib-list=m32,m64,mx32 --with-tune=generic --enable-checking=release --build=x86_64-linux-gnu --host=x86_64-linux-gnu --target=x86_64-linux-gnu
Thread model: posix
gcc version 4.8.2 (Ubuntu 4.8.2-19ubuntu1) 
configure:2506: $? = 0
configure:2495: gcc -V >&5
gcc: error: unrecognized command line option '-V'
gcc: fatal error: no input files
compilation terminated.
configure:2506: $? = 4
configure:2495: gcc -qversion >&5
gcc: error: unrecognized command line option '-qversion'
gcc: fatal error: no input files
compilation terminated.
configure:2506: $? = 4
configure:2526: checking whether the C compiler works
configure:2548: gcc    conftest.c  >&5
configure:2552: $? = 0
configure:2600: result: yes
configure:2603: checking for C compiler default output file name
configure:2605: result: a.out
configure:2611: checking for suffix of executables
configure:2618: gcc -o conftest    conftest.c  >&5
configure:2622: $? = 0
configure:2644: result: 
configure:2666: checking whether we are cross compiling
configure:2674: gcc -o conftest    conftest.c  >&5
configure:2678: $? = 0
configure:2685: ./conftest
configure:2689: $? = 0
configure:2704: result: no
configure:2709: checking for suffix of object files
configure:2731: gcc -c   conftest.c >&5
configure:2735: $? = 0
configure:2756: result: o
configure:2760: checking whether we are using the GNU C compiler
configure:2779: gcc -c   conftest.c >&5
configure:2779: $? = 0
configure:2788: result: yes
configure:2797: checking whether gcc accepts -g
configure:2817: gcc -c -g  conftest.c >&5
configure:2817: $? = 0
configure:2858: result: yes
configure:2875: checking for gcc option to accept ISO C89
configure:2938: gcc  -c -g -O2  conftest.c >&5
configure:2938: $? = 0
configure:2951: result: none needed
configure:3014: checking for a BSD-compatible install
configure:3082: result: /usr/bin/install -c
configure:3136: checking for ranlib
configure:3152: found /usr/bin/ranlib
configure:3163: result: ranlib
configure:3192: checking how to run the C preprocessor
configure:3223: gcc -E  conftest.c
configure:3223: $? = 0
configure:3237: gcc -E  conftest.c
conftest.c:9:28: fatal error: ac_nonexistent.h: No such file or directory
 #include <ac_nonexistent.h>
                            ^
compilation terminated.
configure:3237: $? = 1
configure: failed program was:
| /* confdefs.h */
| #define PACKAGE_NAME ""
| #define PACKAGE_TARNAME ""
| #define PACKAGE_VERSION ""
| #define PACKAGE_STRING ""
| #define PACKAGE_BUGREPORT ""
| #define PACKAGE_URL ""
| /* end confdefs.h.  */
| #include <ac_nonexistent.h>
configure:3262: result: gcc -E
configure:3282: gcc -E  conftest.c
configure:3282: $? = 0
configure:3296: gcc -E  conftest.c
conftest.c:9:28: fatal error: ac_nonexistent.h: No such file or directory
 #include <ac_nonexistent.h>
                            ^
compilation terminated.
configure:3296: $? = 1
configure: failed program was:
| /* confdefs.h */
| #define PACKAGE_NAME ""
| #define PACKAGE_TARNAME ""
| #define PACKAGE_VERSION ""
| #define PACKAGE_STRING ""
| #define PACKAGE_BUGREPORT ""
| #define PACKAGE_URL ""
| /* end confdefs.h.  */
| #include <ac_nonexistent.h>
configure:3325: checking for X
configure:3433: gcc -E  conftest.c
configure:3433: $? = 0
configure:3464: gcc -o conftest -g -O2   conftest.c -lX11  >&5
configure:3464: $? = 0
configure:3514: result: libraries , headers 
configure:3613: gcc -o conftest -g -O2   conftest.c   -lX11 >&5
configure:3613: $? = 0
configure:3711: checking for gethostbyname
configure:3711: gcc -o conftest -g -O2   conftest.c  >&5
configure:3711: $? = 0
configure:3711: result: yes
configure:3808: checking for connect
configure:3808: gcc -o conftest -g -O2   conftest.c  >&5
configure:3808: $? = 0
configure:3808: result: yes
configure:3857: checking for remove
configure:3857: gcc -o conftest -g -O2   conftest.c  >&5
configure:3857: $? = 0
configure:3857: result: yes
configure:3906: checking for shmat
configure:3906: gcc -o conftest -g -O2   conftest.c  >&5
configure:3906: $? = 0
configure:3906: result: yes
configure:3964: checking for IceConnectionNumber in -lICE
configure:3989: gcc -o conftest -g -O2   conftest.c -lICE   >&5
configure:3989: $? = 0
configure:3998: result: yes
configure:4008: checking for grep that handles long lines and -e
configure:4066: result: /bin/grep
configure:4071: checking for egrep
configure:4133: result: /bin/grep -E
configure:4138: checking for ANSI C header files
configure:4158: gcc -c -g -O2  conftest.c >&5
configure:4158: $? = 0
configure:4231: gcc -o conftest -g -O2   conftest.c  >&5
configure:4231: $? = 0
configure:4231: ./conftest
configure:4231: $? = 0
configure:4242: result: yes
configure:4255: checking for sys/types.h
configure:4255: gcc -c -g -O2  conftest.c >&5
configure:4255: $? = 0
configure:4255: result: yes
configure:4255: checking for sys/stat.h
configure:4255: gcc -c -g -O2  conftest.c >&5
configure:4255: $? = 0
configure:4255: result: yes
configure:4255: checking for stdlib.h
configure:4255: gcc -c -g -O2  conftest.c >&5
configure:4255: $? = 0
configure:4255: result: yes
configure:4255: checking for string.h
configure:4255: gcc -c -g -O2  conftest.c >&5
configure:4255: $? = 0
configure:4255: result: yes
configure:4255: checking for memory.h
configure:4255: gcc -c -g -O2  conftest.c >&5
configure:4255: $? = 0
configure:4255: result: yes
configure:4255: checking for strings.h
configure:4255: gcc -c -g -O2  conftest.c >&5
configure:4255: $? = 0
configure:4255: result: yes
configure:4255: checking for inttypes.h
configure:4255: gcc -c -g -O2  conftest.c >&5
configure:4255: $? = 0
configure:4255: result: yes
configure:4255: checking for stdint.h
configure:4255: gcc -c -g -O2  conftest.c >&5
configure:4255: $? = 0
configure:4255: result: yes
configure:4255: checking for unistd.h
configure:4255: gcc -c -g -O2  conftest.c >&5
configure:4255: $? = 0
configure:4255: result: yes
configure:4270: checking err.h usability
configure:4270: gcc -c -g -O2  conftest.c >&5
configure:4270: $? = 0
configure:4270: result: yes
configure:4270: checking err.h presence
configure:4270: gcc -E  conftest.c
configure:4270: $? = 0
configure:4270: result: yes
configure:4270: checking for err.h
configure:4270: result: yes
configure:4270: checking fcntl.h usability
configure:4270: gcc -c -g -O2  conftest.c >&5
configure:4270: $? = 0
configure:4270: result: yes
configure:4270: checking fcntl.h presence
configure:4270: gcc -E  conftest.c
configure:4270: $? = 0
configure:4270: result: yes
configure:4270: checking for fcntl.h
configure:4270: result: yes
configure:4270: checking sys/ioctl.h usability
configure:4270: gcc -c -g -O2  conftest.c >&5
configure:4270: $? = 0
configure:4270: result: yes
configure:4270: checking sys/ioctl.h presence
configure:4270: gcc -E  conftest.c
configure:4270: $? = 0
configure:4270: result: yes
configure:4270: checking for sys/ioctl.h
configure:4270: result: yes
configure:4270: checking sys/queue.h usability
configure:4270: gcc -c -g -O2  conftest.c >&5
configure:4270: $? = 0
configure:4270: result: yes
configure:4270: checking sys/queue.h presence
configure:4270: gcc -E  conftest.c
configure:4270: $? = 0
configure:4270: result: yes
configure:4270: checking for sys/queue.h
configure:4270: result: yes
configure:4270: checking for unistd.h
configure:4270: result: yes
configure:4270: checking libgen.h usability
configure:4270: gcc -c -g -O2  conftest.c >&5
configure:4270: $? = 0
configure:4270: result: yes
configure:4270: checking libgen.h presence
configure:4270: gcc -E  conftest.c
configure:4270: $? = 0
configure:4270: result: yes
configure:4270: checking for libgen.h
configure:4270: result: yes
configure:4270: checking net/if_tun.h usability
configure:4270: gcc -c -g -O2  conftest.c >&5
conftest.c:58:24: fatal error: net/if_tun.h: No such file or directory
 #include <net/if_tun.h>
                        ^
compilation terminated.
configure:4270: $? = 1
configure: failed program was:
| /* confdefs.h */
| #define PACKAGE_NAME ""
| #define PACKAGE_TARNAME ""
| #define PACKAGE_VERSION ""
| #define PACKAGE_STRING ""
| #define PACKAGE_BUGREPORT ""
| #define PACKAGE_URL ""
| #define STDC_HEADERS 1
| #define HAVE_SYS_TYPES_H 1
| #define HAVE_SYS_STAT_H 1
| #define HAVE_STDLIB_H 1
| #define HAVE_STRING_H 1
| #define HAVE_MEMORY_H 1
| #define HAVE_STRINGS_H 1
| #define HAVE_INTTYPES_H 1
| #define HAVE_STDINT_H 1
| #define HAVE_UNISTD_H 1
| #define HAVE_ERR_H 1
| #define HAVE_FCNTL_H 1
| #define HAVE_SYS_IOCTL_H 1
| #define HAVE_SYS_QUEUE_H 1
| #define HAVE_UNISTD_H 1
| #define HAVE_LIBGEN_H 1
| /* end confdefs.h.  */
| #include <stdio.h>
| #ifdef HAVE_SYS_TYPES_H
| # include <sys/types.h>
| #endif
| #ifdef HAVE_SYS_STAT_H
| # include <sys/stat.h>
| #endif
| #ifdef STDC_HEADERS
| # include <stdlib.h>
| # include <stddef.h>
| #else
| # ifdef HAVE_STDLIB_H
| #  include <stdlib.h>
| # endif
| #endif
| #ifdef HAVE_STRING_H
| # if !defined STDC_HEADERS && defined HAVE_MEMORY_H
| #  include <memory.h>
| # endif
| # include <string.h>
| #endif
| #ifdef HAVE_STRINGS_H
| # include <strings.h>
| #endif
| #ifdef HAVE_INTTYPES_H
| # include <inttypes.h>
| #endif
| #ifdef HAVE_STDINT_H
| # include <stdint.h>
| #endif
| #ifdef HAVE_UNISTD_H
| # include <unistd.h>
| #endif
| #include <net/if_tun.h>
configure:4270: result: no
configure:4270: checking net/if_tun.h presence
configure:4270: gcc -E  conftest.c
conftest.c:25:24: fatal error: net/if_tun.h: No such file or directory
 #include <net/if_tun.h>
                        ^
compilation terminated.
configure:4270: $? = 1
configure: failed program was:
| /* confdefs.h */
| #define PACKAGE_NAME ""
| #define PACKAGE_TARNAME ""
| #define PACKAGE_VERSION ""
| #define PACKAGE_STRING ""
| #define PACKAGE_BUGREPORT ""
| #define PACKAGE_URL ""
| #define STDC_HEADERS 1
| #define HAVE_SYS_TYPES_H 1
| #define HAVE_SYS_STAT_H 1
| #define HAVE_STDLIB_H 1
| #define HAVE_STRING_H 1
| #define HAVE_MEMORY_H 1
| #define HAVE_STRINGS_H 1
| #define HAVE_INTTYPES_H 1
| #define HAVE_STDINT_H 1
| #define HAVE_UNISTD_H 1
| #define HAVE_ERR_H 1
| #define HAVE_FCNTL_H 1
| #define HAVE_SYS_IOCTL_H 1
| #define HAVE_SYS_QUEUE_H 1
| #define HAVE_UNISTD_H 1
| #define HAVE_LIBGEN_H 1
| /* end confdefs.h.  */
| #include <net/if_tun.h>
configure:4270: result: no
configure:4270: checking for net/if_tun.h
configure:4270: result: no
configure:4280: checking for MIN and MAX in sys/param.h
configure:4293: result: yes
configure:4304: checking for an ANSI C-conforming const
configure:4370: gcc -c -g -O2  conftest.c >&5
configure:4370: $? = 0
configure:4377: result: yes
configure:4385: checking for size_t
configure:4385: gcc -c -g -O2  conftest.c >&5
configure:4385: $? = 0
configure:4385: gcc -c -g -O2  conftest.c >&5
conftest.c: In function 'main':
conftest.c:62:21: error: expected expression before ')' token
 if (sizeof ((size_t)))
                     ^
configure:4385: $? = 1
configure: failed program was:
| /* confdefs.h */
| #define PACKAGE_NAME ""
| #define PACKAGE_TARNAME ""
| #define PACKAGE_VERSION ""
| #define PACKAGE_STRING ""
| #define PACKAGE_BUGREPORT ""
| #define PACKAGE_URL ""
| #define STDC_HEADERS 1
| #define HAVE_SYS_TYPES_H 1
| #define HAVE_SYS_STAT_H 1
| #define HAVE_STDLIB_H 1
| #define HAVE_STRING_H 1
| #define HAVE_MEMORY_H 1
| #define HAVE_STRINGS_H 1
| #define HAVE_INTTYPES_H 1
| #define HAVE_STDINT_H 1
| #define HAVE_UNISTD_H 1
| #define HAVE_ERR_H 1
| #define HAVE_FCNTL_H 1
| #define HAVE_SYS_IOCTL_H 1
| #define HAVE_SYS_QUEUE_H 1
| #define HAVE_UNISTD_H 1
| #define HAVE_LIBGEN_H 1
| #define HAVE_MINMAX 1
| /* end confdefs.h.  */
| #include <stdio.h>
| #ifdef HAVE_SYS_TYPES_H
| # include <sys/types.h>
| #endif
| #ifdef HAVE_SYS_STAT_H
| # include <sys/stat.h>
| #endif
| #ifdef STDC_HEADERS
| # include <stdlib.h>
| # include <stddef.h>
| #else
| # ifdef HAVE_STDLIB_H
| #  include <stdlib.h>
| # endif
| #endif
| #ifdef HAVE_STRING_H
| # if !defined STDC_HEADERS && defined HAVE_MEMORY_H
| #  include <memory.h>
| # endif
| # include <string.h>
| #endif
| #ifdef HAVE_STRINGS_H
| # include <strings.h>
| #endif
| #ifdef HAVE_INTTYPES_H
| # include <inttypes.h>
| #endif
| #ifdef HAVE_STDINT_H
| # include <stdint.h>
| #endif
| #ifdef HAVE_UNISTD_H
| # include <unistd.h>
| #endif
| int
| main ()
| {
| if (sizeof ((size_t)))
| 	    return 0;
|   ;
|   return 0;
| }
configure:4385: result: yes
configure:4396: checking whether struct tm is in sys/time.h or time.h
configure:4416: gcc -c -g -O2  conftest.c >&5
configure:4416: $? = 0
configure:4423: result: time.h
configure:4431: checking for u_int32_t
configure:4431: gcc -c -g -O2  conftest.c >&5
configure:4431: $? = 0
configure:4431: gcc -c -g -O2  conftest.c >&5
conftest.c: In function 'main':
conftest.c:62:24: error: expected expression before ')' token
 if (sizeof ((u_int32_t)))
                        ^
configure:4431: $? = 1
configure: failed program was:
| /* confdefs.h */
| #define PACKAGE_NAME ""
| #define PACKAGE_TARNAME ""
| #define PACKAGE_VERSION ""
| #define PACKAGE_STRING ""
| #define PACKAGE_BUGREPORT ""
| #define PACKAGE_URL ""
| #define STDC_HEADERS 1
| #define HAVE_SYS_TYPES_H 1
| #define HAVE_SYS_STAT_H 1
| #define HAVE_STDLIB_H 1
| #define HAVE_STRING_H 1
| #define HAVE_MEMORY_H 1
| #define HAVE_STRINGS_H 1
| #define HAVE_INTTYPES_H 1
| #define HAVE_STDINT_H 1
| #define HAVE_UNISTD_H 1
| #define HAVE_ERR_H 1
| #define HAVE_FCNTL_H 1
| #define HAVE_SYS_IOCTL_H 1
| #define HAVE_SYS_QUEUE_H 1
| #define HAVE_UNISTD_H 1
| #define HAVE_LIBGEN_H 1
| #define HAVE_MINMAX 1
| /* end confdefs.h.  */
| #include <stdio.h>
| #ifdef HAVE_SYS_TYPES_H
| # include <sys/types.h>
| #endif
| #ifdef HAVE_SYS_STAT_H
| # include <sys/stat.h>
| #endif
| #ifdef STDC_HEADERS
| # include <stdlib.h>
| # include <stddef.h>
| #else
| # ifdef HAVE_STDLIB_H
| #  include <stdlib.h>
| # endif
| #endif
| #ifdef HAVE_STRING_H
| # if !defined STDC_HEADERS && defined HAVE_MEMORY_H
| #  include <memory.h>
| # endif
| # include <string.h>
| #endif
| #ifdef HAVE_STRINGS_H
| # include <strings.h>
| #endif
| #ifdef HAVE_INTTYPES_H
| # include <inttypes.h>
| #endif
| #ifdef HAVE_STDINT_H
| # include <stdint.h>
| #endif
| #ifdef HAVE_UNISTD_H
| # include <unistd.h>
| #endif
| int
| main ()
| {
| if (sizeof ((u_int32_t)))
| 	    return 0;
|   ;
|   return 0;
| }
configure:4431: result: yes
configure:4442: checking for u_int64_t
configure:4442: gcc -c -g -O2  conftest.c >&5
configure:4442: $? = 0
configure:4442: gcc -c -g -O2  conftest.c >&5
conftest.c: In function 'main':
conftest.c:62:24: error: expected expression before ')' token
 if (sizeof ((u_int64_t)))
                        ^
configure:4442: $? = 1
configure: failed program was:
| /* confdefs.h */
| #define PACKAGE_NAME ""
| #define PACKAGE_TARNAME ""
| #define PACKAGE_VERSION ""
| #define PACKAGE_STRING ""
| #define PACKAGE_BUGREPORT ""
| #define PACKAGE_URL ""
| #define STDC_HEADERS 1
| #define HAVE_SYS_TYPES_H 1
| #define HAVE_SYS_STAT_H 1
| #define HAVE_STDLIB_H 1
| #define HAVE_STRING_H 1
| #define HAVE_MEMORY_H 1
| #define HAVE_STRINGS_H 1
| #define HAVE_INTTYPES_H 1
| #define HAVE_STDINT_H 1
| #define HAVE_UNISTD_H 1
| #define HAVE_ERR_H 1
| #define HAVE_FCNTL_H 1
| #define HAVE_SYS_IOCTL_H 1
| #define HAVE_SYS_QUEUE_H 1
| #define HAVE_UNISTD_H 1
| #define HAVE_LIBGEN_H 1
| #define HAVE_MINMAX 1
| /* end confdefs.h.  */
| #include <stdio.h>
| #ifdef HAVE_SYS_TYPES_H
| # include <sys/types.h>
| #endif
| #ifdef HAVE_SYS_STAT_H
| # include <sys/stat.h>
| #endif
| #ifdef STDC_HEADERS
| # include <stdlib.h>
| # include <stddef.h>
| #else
| # ifdef HAVE_STDLIB_H
| #  include <stdlib.h>
| # endif
| #endif
| #ifdef HAVE_STRING_H
| # if !defined STDC_HEADERS && defined HAVE_MEMORY_H
| #  include <memory.h>
| # endif
| # include <string.h>
| #endif
| #ifdef HAVE_STRINGS_H
| # include <strings.h>
| #endif
| #ifdef HAVE_INTTYPES_H
| # include <inttypes.h>
| #endif
| #ifdef HAVE_STDINT_H
| # include <stdint.h>
| #endif
| #ifdef HAVE_UNISTD_H
| # include <unistd.h>
| #endif
| int
| main ()
| {
| if (sizeof ((u_int64_t)))
| 	    return 0;
|   ;
|   return 0;
| }
configure:4442: result: yes
configure:4453: checking for in_addr_t
configure:4453: gcc -c -g -O2  conftest.c >&5
conftest.c: In function 'main':
conftest.c:62:13: error: 'in_addr_t' undeclared (first use in this function)
 if (sizeof (in_addr_t))
             ^
conftest.c:62:13: note: each undeclared identifier is reported only once for each function it appears in
configure:4453: $? = 1
configure: failed program was:
| /* confdefs.h */
| #define PACKAGE_NAME ""
| #define PACKAGE_TARNAME ""
| #define PACKAGE_VERSION ""
| #define PACKAGE_STRING ""
| #define PACKAGE_BUGREPORT ""
| #define PACKAGE_URL ""
| #define STDC_HEADERS 1
| #define HAVE_SYS_TYPES_H 1
| #define HAVE_SYS_STAT_H 1
| #define HAVE_STDLIB_H 1
| #define HAVE_STRING_H 1
| #define HAVE_MEMORY_H 1
| #define HAVE_STRINGS_H 1
| #define HAVE_INTTYPES_H 1
| #define HAVE_STDINT_H 1
| #define HAVE_UNISTD_H 1
| #define HAVE_ERR_H 1
| #define HAVE_FCNTL_H 1
| #define HAVE_SYS_IOCTL_H 1
| #define HAVE_SYS_QUEUE_H 1
| #define HAVE_UNISTD_H 1
| #define HAVE_LIBGEN_H 1
| #define HAVE_MINMAX 1
| /* end confdefs.h.  */
| #include <stdio.h>
| #ifdef HAVE_SYS_TYPES_H
| # include <sys/types.h>
| #endif
| #ifdef HAVE_SYS_STAT_H
| # include <sys/stat.h>
| #endif
| #ifdef STDC_HEADERS
| # include <stdlib.h>
| # include <stddef.h>
| #else
| # ifdef HAVE_STDLIB_H
| #  include <stdlib.h>
| # endif
| #endif
| #ifdef HAVE_STRING_H
| # if !defined STDC_HEADERS && defined HAVE_MEMORY_H
| #  include <memory.h>
| # endif
| # include <string.h>
| #endif
| #ifdef HAVE_STRINGS_H
| # include <strings.h>
| #endif
| #ifdef HAVE_INTTYPES_H
| # include <inttypes.h>
| #endif
| #ifdef HAVE_STDINT_H
| # include <stdint.h>
| #endif
| #ifdef HAVE_UNISTD_H
| # include <unistd.h>
| #endif
| int
| main ()
| {
| if (sizeof (in_addr_t))
| 	 return 0;
|   ;
|   return 0;
| }
configure:4453: result: no
configure:4467: checking whether gcc needs -traditional
configure:4501: result: no
configure:4508: checking for working memcmp
configure:4551: gcc -o conftest -g -O2 -D_BSD_SOURCE   conftest.c  >&5
configure:4551: $? = 0
configure:4551: ./conftest
configure:4551: $? = 0
configure:4561: result: yes
configure:4570: checking return type of signal handlers
configure:4588: gcc -c -g -O2 -D_BSD_SOURCE  conftest.c >&5
conftest.c: In function 'main':
conftest.c:33:1: error: void value not ignored as it ought to be
 return *(signal (0, 0)) (0) == 1;
 ^
configure:4588: $? = 1
configure: failed program was:
| /* confdefs.h */
| #define PACKAGE_NAME ""
| #define PACKAGE_TARNAME ""
| #define PACKAGE_VERSION ""
| #define PACKAGE_STRING ""
| #define PACKAGE_BUGREPORT ""
| #define PACKAGE_URL ""
| #define STDC_HEADERS 1
| #define HAVE_SYS_TYPES_H 1
| #define HAVE_SYS_STAT_H 1
| #define HAVE_STDLIB_H 1
| #define HAVE_STRING_H 1
| #define HAVE_MEMORY_H 1
| #define HAVE_STRINGS_H 1
| #define HAVE_INTTYPES_H 1
| #define HAVE_STDINT_H 1
| #define HAVE_UNISTD_H 1
| #define HAVE_ERR_H 1
| #define HAVE_FCNTL_H 1
| #define HAVE_SYS_IOCTL_H 1
| #define HAVE_SYS_QUEUE_H 1
| #define HAVE_UNISTD_H 1
| #define HAVE_LIBGEN_H 1
| #define HAVE_MINMAX 1
| #define in_addr_t u_int32_t
| /* end confdefs.h.  */
| #include <sys/types.h>
| #include <signal.h>
| 
| int
| main ()
| {
| return *(signal (0, 0)) (0) == 1;
|   ;
|   return 0;
| }
configure:4595: result: void
configure:4605: checking for strftime
configure:4605: gcc -o conftest -g -O2 -D_BSD_SOURCE   conftest.c  >&5
conftest.c:51:6: warning: conflicting types for built-in function 'strftime' [enabled by default]
 char strftime ();
      ^
configure:4605: $? = 0
configure:4605: result: yes
configure:4661: checking for gethostname
configure:4661: gcc -o conftest -g -O2 -D_BSD_SOURCE   conftest.c  >&5
configure:4661: $? = 0
configure:4661: result: yes
configure:4661: checking for socket
configure:4661: gcc -o conftest -g -O2 -D_BSD_SOURCE   conftest.c  >&5
configure:4661: $? = 0
configure:4661: result: yes
configure:4661: checking for strdup
configure:4661: gcc -o conftest -g -O2 -D_BSD_SOURCE   conftest.c  >&5
conftest.c:54:6: warning: conflicting types for built-in function 'strdup' [enabled by default]
 char strdup ();
      ^
configure:4661: $? = 0
configure:4661: result: yes
configure:4661: checking for strstr
configure:4661: gcc -o conftest -g -O2 -D_BSD_SOURCE   conftest.c  >&5
conftest.c:55:6: warning: conflicting types for built-in function 'strstr' [enabled by default]
 char strstr ();
      ^
configure:4661: $? = 0
configure:4661: result: yes
configure:4670: checking for xdr_fhstatus in -lrpcsvc
configure:4695: gcc -o conftest -g -O2 -D_BSD_SOURCE   conftest.c -lrpcsvc   >&5
configure:4695: $? = 0
configure:4704: result: yes
configure:4715: checking for socket in -lsocket
configure:4740: gcc -o conftest -g -O2 -D_BSD_SOURCE   conftest.c -lsocket  -lrpcsvc  >&5
/usr/bin/ld: cannot find -lsocket
collect2: error: ld returned 1 exit status
configure:4740: $? = 1
configure: failed program was:
| /* confdefs.h */
| #define PACKAGE_NAME ""
| #define PACKAGE_TARNAME ""
| #define PACKAGE_VERSION ""
| #define PACKAGE_STRING ""
| #define PACKAGE_BUGREPORT ""
| #define PACKAGE_URL ""
| #define STDC_HEADERS 1
| #define HAVE_SYS_TYPES_H 1
| #define HAVE_SYS_STAT_H 1
| #define HAVE_STDLIB_H 1
| #define HAVE_STRING_H 1
| #define HAVE_MEMORY_H 1
| #define HAVE_STRINGS_H 1
| #define HAVE_INTTYPES_H 1
| #define HAVE_STDINT_H 1
| #define HAVE_UNISTD_H 1
| #define HAVE_ERR_H 1
| #define HAVE_FCNTL_H 1
| #define HAVE_SYS_IOCTL_H 1
| #define HAVE_SYS_QUEUE_H 1
| #define HAVE_UNISTD_H 1
| #define HAVE_LIBGEN_H 1
| #define HAVE_MINMAX 1
| #define in_addr_t u_int32_t
| #define RETSIGTYPE void
| #define HAVE_STRFTIME 1
| #define HAVE_GETHOSTNAME 1
| #define HAVE_SOCKET 1
| #define HAVE_STRDUP 1
| #define HAVE_STRSTR 1
| #define HAVE_LIBRPCSVC 1
| /* end confdefs.h.  */
| 
| /* Override any GCC internal prototype to avoid an error.
|    Use char because int might match the return type of a GCC
|    builtin and then its argument prototype would still apply.  */
| #ifdef __cplusplus
| extern "C"
| #endif
| char socket ();
| int
| main ()
| {
| return socket ();
|   ;
|   return 0;
| }
configure:4749: result: no
configure:4760: checking for gethostbyname in -lnsl
configure:4785: gcc -o conftest -g -O2 -D_BSD_SOURCE   conftest.c -lnsl  -lrpcsvc  >&5
configure:4785: $? = 0
configure:4794: result: yes
configure:4805: checking for dn_expand in -lresolv
configure:4830: gcc -o conftest -g -O2 -D_BSD_SOURCE   conftest.c -lresolv  -lnsl -lrpcsvc  >&5
/tmp/ccT2F80B.o: In function `main':
/home/zhpeng/下载/dsniff-2.3/conftest.c:46: undefined reference to `dn_expand'
collect2: error: ld returned 1 exit status
configure:4830: $? = 1
configure: failed program was:
| /* confdefs.h */
| #define PACKAGE_NAME ""
| #define PACKAGE_TARNAME ""
| #define PACKAGE_VERSION ""
| #define PACKAGE_STRING ""
| #define PACKAGE_BUGREPORT ""
| #define PACKAGE_URL ""
| #define STDC_HEADERS 1
| #define HAVE_SYS_TYPES_H 1
| #define HAVE_SYS_STAT_H 1
| #define HAVE_STDLIB_H 1
| #define HAVE_STRING_H 1
| #define HAVE_MEMORY_H 1
| #define HAVE_STRINGS_H 1
| #define HAVE_INTTYPES_H 1
| #define HAVE_STDINT_H 1
| #define HAVE_UNISTD_H 1
| #define HAVE_ERR_H 1
| #define HAVE_FCNTL_H 1
| #define HAVE_SYS_IOCTL_H 1
| #define HAVE_SYS_QUEUE_H 1
| #define HAVE_UNISTD_H 1
| #define HAVE_LIBGEN_H 1
| #define HAVE_MINMAX 1
| #define in_addr_t u_int32_t
| #define RETSIGTYPE void
| #define HAVE_STRFTIME 1
| #define HAVE_GETHOSTNAME 1
| #define HAVE_SOCKET 1
| #define HAVE_STRDUP 1
| #define HAVE_STRSTR 1
| #define HAVE_LIBRPCSVC 1
| #define HAVE_LIBNSL 1
| /* end confdefs.h.  */
| 
| /* Override any GCC internal prototype to avoid an error.
|    Use char because int might match the return type of a GCC
|    builtin and then its argument prototype would still apply.  */
| #ifdef __cplusplus
| extern "C"
| #endif
| char dn_expand ();
| int
| main ()
| {
| return dn_expand ();
|   ;
|   return 0;
| }
configure:4839: result: no
configure:4850: checking for dirname
configure:4850: gcc -o conftest -g -O2 -D_BSD_SOURCE   conftest.c -lnsl -lrpcsvc  >&5
configure:4850: $? = 0
configure:4850: result: yes
configure:4863: checking for strlcpy
configure:4863: gcc -o conftest -g -O2 -D_BSD_SOURCE   conftest.c -lnsl -lrpcsvc  >&5
/tmp/ccrYvlsQ.o: In function `main':
/home/zhpeng/下载/dsniff-2.3/conftest.c:70: undefined reference to `strlcpy'
collect2: error: ld returned 1 exit status
configure:4863: $? = 1
configure: failed program was:
| /* confdefs.h */
| #define PACKAGE_NAME ""
| #define PACKAGE_TARNAME ""
| #define PACKAGE_VERSION ""
| #define PACKAGE_STRING ""
| #define PACKAGE_BUGREPORT ""
| #define PACKAGE_URL ""
| #define STDC_HEADERS 1
| #define HAVE_SYS_TYPES_H 1
| #define HAVE_SYS_STAT_H 1
| #define HAVE_STDLIB_H 1
| #define HAVE_STRING_H 1
| #define HAVE_MEMORY_H 1
| #define HAVE_STRINGS_H 1
| #define HAVE_INTTYPES_H 1
| #define HAVE_STDINT_H 1
| #define HAVE_UNISTD_H 1
| #define HAVE_ERR_H 1
| #define HAVE_FCNTL_H 1
| #define HAVE_SYS_IOCTL_H 1
| #define HAVE_SYS_QUEUE_H 1
| #define HAVE_UNISTD_H 1
| #define HAVE_LIBGEN_H 1
| #define HAVE_MINMAX 1
| #define in_addr_t u_int32_t
| #define RETSIGTYPE void
| #define HAVE_STRFTIME 1
| #define HAVE_GETHOSTNAME 1
| #define HAVE_SOCKET 1
| #define HAVE_STRDUP 1
| #define HAVE_STRSTR 1
| #define HAVE_LIBRPCSVC 1
| #define HAVE_LIBNSL 1
| #define HAVE_DIRNAME 1
| /* end confdefs.h.  */
| /* Define strlcpy to an innocuous variant, in case <limits.h> declares strlcpy.
|    For example, HP-UX 11i <limits.h> declares gettimeofday.  */
| #define strlcpy innocuous_strlcpy
| 
| /* System header to define __stub macros and hopefully few prototypes,
|     which can conflict with char strlcpy (); below.
|     Prefer <limits.h> to <assert.h> if __STDC__ is defined, since
|     <limits.h> exists even on freestanding compilers.  */
| 
| #ifdef __STDC__
| # include <limits.h>
| #else
| # include <assert.h>
| #endif
| 
| #undef strlcpy
| 
| /* Override any GCC internal prototype to avoid an error.
|    Use char because int might match the return type of a GCC
|    builtin and then its argument prototype would still apply.  */
| #ifdef __cplusplus
| extern "C"
| #endif
| char strlcpy ();
| /* The GNU C library defines this for functions which it implements
|     to always fail with ENOSYS.  Some functions are actually named
|     something starting with __ and the normal name is an alias.  */
| #if defined __stub_strlcpy || defined __stub___strlcpy
| choke me
| #endif
| 
| int
| main ()
| {
| return strlcpy ();
|   ;
|   return 0;
| }
configure:4863: result: no
configure:4876: checking for strlcat
configure:4876: gcc -o conftest -g -O2 -D_BSD_SOURCE   conftest.c -lnsl -lrpcsvc  >&5
/tmp/cc9iq6OU.o: In function `main':
/home/zhpeng/下载/dsniff-2.3/conftest.c:70: undefined reference to `strlcat'
collect2: error: ld returned 1 exit status
configure:4876: $? = 1
configure: failed program was:
| /* confdefs.h */
| #define PACKAGE_NAME ""
| #define PACKAGE_TARNAME ""
| #define PACKAGE_VERSION ""
| #define PACKAGE_STRING ""
| #define PACKAGE_BUGREPORT ""
| #define PACKAGE_URL ""
| #define STDC_HEADERS 1
| #define HAVE_SYS_TYPES_H 1
| #define HAVE_SYS_STAT_H 1
| #define HAVE_STDLIB_H 1
| #define HAVE_STRING_H 1
| #define HAVE_MEMORY_H 1
| #define HAVE_STRINGS_H 1
| #define HAVE_INTTYPES_H 1
| #define HAVE_STDINT_H 1
| #define HAVE_UNISTD_H 1
| #define HAVE_ERR_H 1
| #define HAVE_FCNTL_H 1
| #define HAVE_SYS_IOCTL_H 1
| #define HAVE_SYS_QUEUE_H 1
| #define HAVE_UNISTD_H 1
| #define HAVE_LIBGEN_H 1
| #define HAVE_MINMAX 1
| #define in_addr_t u_int32_t
| #define RETSIGTYPE void
| #define HAVE_STRFTIME 1
| #define HAVE_GETHOSTNAME 1
| #define HAVE_SOCKET 1
| #define HAVE_STRDUP 1
| #define HAVE_STRSTR 1
| #define HAVE_LIBRPCSVC 1
| #define HAVE_LIBNSL 1
| #define HAVE_DIRNAME 1
| /* end confdefs.h.  */
| /* Define strlcat to an innocuous variant, in case <limits.h> declares strlcat.
|    For example, HP-UX 11i <limits.h> declares gettimeofday.  */
| #define strlcat innocuous_strlcat
| 
| /* System header to define __stub macros and hopefully few prototypes,
|     which can conflict with char strlcat (); below.
|     Prefer <limits.h> to <assert.h> if __STDC__ is defined, since
|     <limits.h> exists even on freestanding compilers.  */
| 
| #ifdef __STDC__
| # include <limits.h>
| #else
| # include <assert.h>
| #endif
| 
| #undef strlcat
| 
| /* Override any GCC internal prototype to avoid an error.
|    Use char because int might match the return type of a GCC
|    builtin and then its argument prototype would still apply.  */
| #ifdef __cplusplus
| extern "C"
| #endif
| char strlcat ();
| /* The GNU C library defines this for functions which it implements
|     to always fail with ENOSYS.  Some functions are actually named
|     something starting with __ and the normal name is an alias.  */
| #if defined __stub_strlcat || defined __stub___strlcat
| choke me
| #endif
| 
| int
| main ()
| {
| return strlcat ();
|   ;
|   return 0;
| }
configure:4876: result: no
configure:4889: checking for strsep
configure:4889: gcc -o conftest -g -O2 -D_BSD_SOURCE   conftest.c -lnsl -lrpcsvc  >&5
configure:4889: $? = 0
configure:4889: result: yes
configure:4906: checking for MD5Update
configure:4906: gcc -o conftest -g -O2 -D_BSD_SOURCE   conftest.c -lnsl -lrpcsvc  >&5
/tmp/ccVIogJa.o: In function `main':
/home/zhpeng/下载/dsniff-2.3/conftest.c:71: undefined reference to `MD5Update'
collect2: error: ld returned 1 exit status
configure:4906: $? = 1
configure: failed program was:
| /* confdefs.h */
| #define PACKAGE_NAME ""
| #define PACKAGE_TARNAME ""
| #define PACKAGE_VERSION ""
| #define PACKAGE_STRING ""
| #define PACKAGE_BUGREPORT ""
| #define PACKAGE_URL ""
| #define STDC_HEADERS 1
| #define HAVE_SYS_TYPES_H 1
| #define HAVE_SYS_STAT_H 1
| #define HAVE_STDLIB_H 1
| #define HAVE_STRING_H 1
| #define HAVE_MEMORY_H 1
| #define HAVE_STRINGS_H 1
| #define HAVE_INTTYPES_H 1
| #define HAVE_STDINT_H 1
| #define HAVE_UNISTD_H 1
| #define HAVE_ERR_H 1
| #define HAVE_FCNTL_H 1
| #define HAVE_SYS_IOCTL_H 1
| #define HAVE_SYS_QUEUE_H 1
| #define HAVE_UNISTD_H 1
| #define HAVE_LIBGEN_H 1
| #define HAVE_MINMAX 1
| #define in_addr_t u_int32_t
| #define RETSIGTYPE void
| #define HAVE_STRFTIME 1
| #define HAVE_GETHOSTNAME 1
| #define HAVE_SOCKET 1
| #define HAVE_STRDUP 1
| #define HAVE_STRSTR 1
| #define HAVE_LIBRPCSVC 1
| #define HAVE_LIBNSL 1
| #define HAVE_DIRNAME 1
| #define HAVE_STRSEP 1
| /* end confdefs.h.  */
| /* Define MD5Update to an innocuous variant, in case <limits.h> declares MD5Update.
|    For example, HP-UX 11i <limits.h> declares gettimeofday.  */
| #define MD5Update innocuous_MD5Update
| 
| /* System header to define __stub macros and hopefully few prototypes,
|     which can conflict with char MD5Update (); below.
|     Prefer <limits.h> to <assert.h> if __STDC__ is defined, since
|     <limits.h> exists even on freestanding compilers.  */
| 
| #ifdef __STDC__
| # include <limits.h>
| #else
| # include <assert.h>
| #endif
| 
| #undef MD5Update
| 
| /* Override any GCC internal prototype to avoid an error.
|    Use char because int might match the return type of a GCC
|    builtin and then its argument prototype would still apply.  */
| #ifdef __cplusplus
| extern "C"
| #endif
| char MD5Update ();
| /* The GNU C library defines this for functions which it implements
|     to always fail with ENOSYS.  Some functions are actually named
|     something starting with __ and the normal name is an alias.  */
| #if defined __stub_MD5Update || defined __stub___MD5Update
| choke me
| #endif
| 
| int
| main ()
| {
| return MD5Update ();
|   ;
|   return 0;
| }
configure:4906: result: no
configure:4923: checking for warnx
configure:4923: gcc -o conftest -g -O2 -D_BSD_SOURCE   conftest.c -lnsl -lrpcsvc  >&5
configure:4923: $? = 0
configure:4923: result: yes
configure:4940: checking for ether_ntoa
configure:4940: gcc -o conftest -g -O2 -D_BSD_SOURCE   conftest.c -lnsl -lrpcsvc  >&5
configure:4940: $? = 0
configure:4940: result: yes
configure:4961: checking for Berkeley DB with 1.85 compatibility
configure:4972: result: /usr/local/BerkeleyDB.6.1
configure:5045: checking for libpcap
configure:5089: result: yes
configure:5097: checking for libnet
configure:5140: result: yes
configure:5148: checking for libnids
configure:5187: result: yes
configure:5194: checking whether libnids version is good
configure:5203: result: yes
configure:5215: checking for OpenSSL
configure:5259: result: yes
configure:5384: creating ./config.status

## ---------------------- ##
## Running config.status. ##
## ---------------------- ##

This file was extended by config.status, which was
generated by GNU Autoconf 2.69.  Invocation command line was

  CONFIG_FILES    = 
  CONFIG_HEADERS  = 
  CONFIG_LINKS    = 
  CONFIG_COMMANDS = 
  $ ./config.status 

on notebook

config.status:840: creating Makefile
config.status:943: WARNING:  'Makefile.in' seems to ignore the --datarootdir setting
config.status:840: creating config.h

## ---------------- ##
## Cache variables. ##
## ---------------- ##

ac_cv_c_compiler_gnu=yes
ac_cv_c_const=yes
ac_cv_env_CC_set=
ac_cv_env_CC_value=
ac_cv_env_CFLAGS_set=
ac_cv_env_CFLAGS_value=
ac_cv_env_CPPFLAGS_set=
ac_cv_env_CPPFLAGS_value=
ac_cv_env_CPP_set=
ac_cv_env_CPP_value=
ac_cv_env_LDFLAGS_set=
ac_cv_env_LDFLAGS_value=
ac_cv_env_LIBS_set=
ac_cv_env_LIBS_value=
ac_cv_env_XMKMF_set=
ac_cv_env_XMKMF_value=
ac_cv_env_build_alias_set=
ac_cv_env_build_alias_value=
ac_cv_env_host_alias_set=
ac_cv_env_host_alias_value=
ac_cv_env_target_alias_set=
ac_cv_env_target_alias_value=
ac_cv_func_MD5Update=no
ac_cv_func_connect=yes
ac_cv_func_dirname=yes
ac_cv_func_ether_ntoa=yes
ac_cv_func_gethostbyname=yes
ac_cv_func_gethostname=yes
ac_cv_func_memcmp_working=yes
ac_cv_func_remove=yes
ac_cv_func_shmat=yes
ac_cv_func_socket=yes
ac_cv_func_strdup=yes
ac_cv_func_strftime=yes
ac_cv_func_strlcat=no
ac_cv_func_strlcpy=no
ac_cv_func_strsep=yes
ac_cv_func_strstr=yes
ac_cv_func_warnx=yes
ac_cv_have_x='have_x=yes	ac_x_includes='\'''\''	ac_x_libraries='\'''\'''
ac_cv_header_err_h=yes
ac_cv_header_fcntl_h=yes
ac_cv_header_inttypes_h=yes
ac_cv_header_libgen_h=yes
ac_cv_header_memory_h=yes
ac_cv_header_net_if_tun_h=no
ac_cv_header_stdc=yes
ac_cv_header_stdint_h=yes
ac_cv_header_stdlib_h=yes
ac_cv_header_string_h=yes
ac_cv_header_strings_h=yes
ac_cv_header_sys_ioctl_h=yes
ac_cv_header_sys_queue_h=yes
ac_cv_header_sys_stat_h=yes
ac_cv_header_sys_types_h=yes
ac_cv_header_unistd_h=yes
ac_cv_lib_ICE_IceConnectionNumber=yes
ac_cv_lib_nsl_gethostbyname=yes
ac_cv_lib_resolv_dn_expand=no
ac_cv_lib_rpcsvc_xdr_fhstatus=yes
ac_cv_lib_socket_socket=no
ac_cv_objext=o
ac_cv_path_EGREP='/bin/grep -E'
ac_cv_path_GREP=/bin/grep
ac_cv_path_install='/usr/bin/install -c'
ac_cv_prog_CPP='gcc -E'
ac_cv_prog_ac_ct_CC=gcc
ac_cv_prog_ac_ct_RANLIB=ranlib
ac_cv_prog_cc_c89=
ac_cv_prog_cc_g=yes
ac_cv_prog_gcc_traditional=no
ac_cv_struct_tm=time.h
ac_cv_type_in_addr_t=no
ac_cv_type_signal=void
ac_cv_type_size_t=yes
ac_cv_type_u_int32_t=yes
ac_cv_type_u_int64_t=yes

## ----------------- ##
## Output variables. ##
## ----------------- ##

CC='gcc'
CFLAGS='-g -O2 -D_BSD_SOURCE -D_BSD_SOURCE -D__BSD_SOURCE -D__FAVOR_BSD -DHAVE_NET_ETHERNET_H'
CPP='gcc -E'
CPPFLAGS=''
DBINC='-I/usr/local/BerkeleyDB.6.1/include'
DBLIB='-L/usr/local/BerkeleyDB.6.1/lib -ldb'
DEFS='-DHAVE_CONFIG_H'
ECHO_C=''
ECHO_N='-n'
ECHO_T=''
EGREP='/bin/grep -E'
EXEEXT=''
GREP='/bin/grep'
INSTALL_DATA='${INSTALL} -m 644'
INSTALL_PROGRAM='${INSTALL}'
INSTALL_SCRIPT='${INSTALL}'
LDFLAGS=''
LIBOBJS=' ${LIBOBJDIR}strlcpy$U.o ${LIBOBJDIR}strlcat$U.o ${LIBOBJDIR}md5$U.o'
LIBS='-lnsl -lrpcsvc '
LNETINC='-I/usr/local/include'
LNETLIB='-L/usr/local/lib -lnet'
LTLIBOBJS=' ${LIBOBJDIR}strlcpy$U.lo ${LIBOBJDIR}strlcat$U.lo ${LIBOBJDIR}md5$U.lo'
NIDSINC='-I/usr/local/include'
NIDSLIB='-L/usr/local/lib -lnids'
OBJEXT='o'
PACKAGE_BUGREPORT=''
PACKAGE_NAME=''
PACKAGE_STRING=''
PACKAGE_TARNAME=''
PACKAGE_URL=''
PACKAGE_VERSION=''
PATH_SEPARATOR=':'
PCAPINC='-I/usr/local/include'
PCAPLIB='-L/usr/local/lib -lpcap'
RANLIB='ranlib'
SHELL='/bin/bash'
SSLINC='-I/usr/local/ssl/include'
SSLLIB='-L/usr/local/ssl/lib -lssl -lcrypto'
TCPHIJACK=''
WEBSPY='webspy'
XMKMF=''
X_CFLAGS=''
X_EXTRA_LIBS=''
X_LIBS=''
X_PRE_LIBS=' -lSM -lICE'
ac_ct_CC='gcc'
bindir='${exec_prefix}/bin'
build_alias=''
datadir='${datarootdir}'
datarootdir='${prefix}/share'
docdir='${datarootdir}/doc/${PACKAGE}'
dvidir='${docdir}'
exec_prefix='${prefix}'
host_alias=''
htmldir='${docdir}'
includedir='${prefix}/include'
infodir='${datarootdir}/info'
libdir='${exec_prefix}/lib'
libexecdir='${exec_prefix}/libexec'
localedir='${datarootdir}/locale'
localstatedir='${prefix}/var'
mandir='${datarootdir}/man'
oldincludedir='/usr/include'
pdfdir='${docdir}'
prefix='/usr/local'
program_transform_name='s,x,x,'
psdir='${docdir}'
sbindir='${exec_prefix}/sbin'
sharedstatedir='${prefix}/com'
sysconfdir='${prefix}/etc'
target_alias=''

## ----------- ##
## confdefs.h. ##
## ----------- ##

/* confdefs.h */
#define PACKAGE_NAME ""
#define PACKAGE_TARNAME ""
#define PACKAGE_VERSION ""
#define PACKAGE_STRING ""
#define PACKAGE_BUGREPORT ""
#define PACKAGE_URL ""
#define STDC_HEADERS 1
#define HAVE_SYS_TYPES_H 1
#define HAVE_SYS_STAT_H 1
#define HAVE_STDLIB_H 1
#define HAVE_STRING_H 1
#define HAVE_MEMORY_H 1
#define HAVE_STRINGS_H 1
#define HAVE_INTTYPES_H 1
#define HAVE_STDINT_H 1
#define HAVE_UNISTD_H 1
#define HAVE_ERR_H 1
#define HAVE_FCNTL_H 1
#define HAVE_SYS_IOCTL_H 1
#define HAVE_SYS_QUEUE_H 1
#define HAVE_UNISTD_H 1
#define HAVE_LIBGEN_H 1
#define HAVE_MINMAX 1
#define in_addr_t u_int32_t
#define RETSIGTYPE void
#define HAVE_STRFTIME 1
#define HAVE_GETHOSTNAME 1
#define HAVE_SOCKET 1
#define HAVE_STRDUP 1
#define HAVE_STRSTR 1
#define HAVE_LIBRPCSVC 1
#define HAVE_LIBNSL 1
#define HAVE_DIRNAME 1
#define HAVE_STRSEP 1
#define HAVE_WARNX 1
#define HAVE_ETHER_NTOA 1
#define HAVE_DB_185_H 1

configure: exit 0
